<?xml version="1.0" encoding="UTF-8"?>
<testng-results ignored="0" total="1" passed="1" failed="0" skipped="0">
  <reporter-output>
  </reporter-output>
  <suite started-at="2023-12-02T10:11:32 IST" name="Default suite" finished-at="2023-12-02T10:11:52 IST" duration-ms="19484">
    <groups>
    </groups>
    <test started-at="2023-12-02T10:11:32 IST" name="Default test" finished-at="2023-12-02T10:11:52 IST" duration-ms="19484">
      <class name="basic.Test1">
        <test-method signature="facebook()[pri:0, instance:basic.Test1@2892d68]" started-at="2023-12-02T10:11:32 IST" name="facebook" finished-at="2023-12-02T10:11:52 IST" duration-ms="19430" status="PASS">
          <reporter-output>
          </reporter-output>
        </test-method> <!-- facebook -->
      </class> <!-- basic.Test1 -->
    </test> <!-- Default test -->
  </suite> <!-- Default suite -->
</testng-results>
