<?xml version="1.0" encoding="UTF-8"?>
<testng-results ignored="0" total="3" passed="3" failed="0" skipped="0">
  <reporter-output>
  </reporter-output>
  <suite started-at="2023-12-04T10:48:47 IST" name="Default suite" finished-at="2023-12-04T10:48:58 IST" duration-ms="11065">
    <groups>
    </groups>
    <test started-at="2023-12-04T10:48:47 IST" name="Default test" finished-at="2023-12-04T10:48:58 IST" duration-ms="11065">
      <class name="basic.Test1">
        <test-method signature="facebook()[pri:0, instance:basic.Test1@3646a422]" started-at="2023-12-04T10:48:47 IST" name="facebook" finished-at="2023-12-04T10:48:51 IST" duration-ms="3538" status="PASS">
          <reporter-output>
          </reporter-output>
        </test-method> <!-- facebook -->
        <test-method signature="swiggy()[pri:0, instance:basic.Test1@3646a422]" started-at="2023-12-04T10:48:51 IST" name="swiggy" finished-at="2023-12-04T10:48:54 IST" duration-ms="2855" status="PASS">
          <reporter-output>
          </reporter-output>
        </test-method> <!-- swiggy -->
        <test-method signature="zomato()[pri:0, instance:basic.Test1@3646a422]" started-at="2023-12-04T10:48:54 IST" name="zomato" finished-at="2023-12-04T10:48:58 IST" duration-ms="4613" status="PASS">
          <reporter-output>
          </reporter-output>
        </test-method> <!-- zomato -->
      </class> <!-- basic.Test1 -->
    </test> <!-- Default test -->
  </suite> <!-- Default suite -->
</testng-results>
